build/app/outputs/mapping/release/seeds.txt
com.bhaskar.painmate.MainActivity
com.bhaskar.painmate.MainActivity: MainActivity()
...
com.google.firebase.database.connection.Connection$DisconnectReason: com.google.firebase.database.connection.Connection$DisconnectReason valueOf(java.lang.String)
io.flutter.embedding.engine.systemchannels.TextInputChannel$TextInputType: io.flutter.embedding.engine.systemchannels.TextInputChannel$TextInputType[] values()
io.flutter.plugins.firebase.core.FlutterFirebaseCoreRegistrar
com.google.android.gms.internal.measurement.zzio: int zzb
io.flutter.embedding.engine.plugins.lifecycle.HiddenLifecycleReference: HiddenLifecycleReference(androidx.lifecycle.Lifecycle)
com.google.android.gms.internal.measurement.zzfo: java.lang.String zzf
androidx.lifecycle.ReportFragment$LifecycleCallbacks: void onActivityStopped(android.app.Activity)
io.flutter.view.AccessibilityViewEmbedder: java.util.Map originToFlutterId
io.flutter.embedding.engine.mutatorsstack.FlutterMutatorsStack: void pushClipRect(int,int,int,int)
io.flutter.embedding.android.FlutterView$ZeroSides: io.flutter.embedding.android.FlutterView$ZeroSides valueOf(java.lang.String)
io.flutter.plugin.editing.ImeSyncDeferringInsetsCallback$AnimationCallback: android.view.WindowInsets onProgress(android.view.WindowInsets,java.util.List)
com.google.android.gms.measurement.internal.AppMeasurementDynamiteService: AppMeasurementDynamiteService()
com.google.android.gms.common.api.Scope: android.os.Parcelable$Creator CREATOR
androidx.core.content.ContextCompat$Api24Impl: android.content.Context createDeviceProtectedStorageContext(android.content.Context)
io.flutter.embedding.android.RenderMode: io.flutter.embedding.android.RenderMode[] values()
com.google.android.gms.internal.measurement.zzeq: int zza
io.flutter.embedding.engine.FlutterJNI: void nativeCleanupMessageData(long)
androidx.lifecycle.ReportFragment$LifecycleCallbacks: void onActivityPostStarted(android.app.Activity)
androidx.lifecycle.Lifecycle$State: androidx.lifecycle.Lifecycle$State[] values()
androidx.core.app.RemoteActionCompatParcelizer: RemoteActionCompatParcelizer()
com.google.android.gms.internal.measurement.zzgt: java.lang.String zzg
androidx.activity.ComponentActivity$2
com.google.android.gms.internal.measurement.zzfe
io.flutter.embedding.engine.FlutterJNI: void setAsyncWaitForVsyncDelegate(io.flutter.embedding.engine.FlutterJNI$AsyncWaitForVsyncDelegate)
io.flutter.embedding.engine.FlutterJNI: io.flutter.embedding.engine.FlutterOverlaySurface createOverlaySurface()
com.google.android.gms.internal.measurement.zzes: int zze
com.google.android.gms.internal.measurement.zzfw: int zzC
com.google.android.gms.internal.measurement.zzfo: com.google.android.gms.internal.measurement.zzfo zzj
com.google.android.gms.internal.measurement.zzej: boolean zzk
com.google.android.gms.internal.measurement.zzfw: long zzl
io.flutter.embedding.engine.FlutterJNI: void nativeUnregisterTexture(long,long)
io.flutter.embedding.engine.FlutterJNI: void invokePlatformMessageEmptyResponseCallback(int)
io.flutter.plugins.firebase.database.FlutterFirebaseAppRegistrar
androidx.lifecycle.CompositeGeneratedAdaptersObserver
com.google.firebase.analytics.FirebaseAnalytics
io.flutter.view.AccessibilityViewEmbedder: int nextFlutterId
com.google.firebase.database.snapshot.LeafNode$LeafType: com.google.firebase.database.snapshot.LeafNode$LeafType valueOf(java.lang.String)
com.google.android.gms.internal.measurement.zzeq: com.google.android.gms.internal.measurement.zzeq zzj
com.google.android.gms.internal.measurement.zzfo: long zzg
androidx.core.app.RemoteActionCompatParcelizer: androidx.core.app.RemoteActionCompat read(androidx.versionedparcelable.VersionedParcel)
io.flutter.embedding.engine.FlutterJNI: void setPlatformViewsController(io.flutter.plugin.platform.PlatformViewsController)
com.google.android.gms.internal.measurement.zzfa: java.lang.String zze
io.flutter.embedding.engine.FlutterJNI: java.lang.String[] computePlatformResolvedLocale(java.lang.String[])