build/app/outputs/mapping/release/mapping.txt
# compiler: R8
# compiler_version: 2.1.62
# min_api: 16
# pg_map_id: f60a0df
# common_typos_disable
...
com.google.android.gms.measurement.internal.zzep -> com.google.android.gms.measurement.internal.u3:
    void zza(java.lang.String,int,java.lang.Throwable,byte[],java.util.Map) -> a
com.google.android.gms.measurement.internal.zzeq -> com.google.android.gms.measurement.internal.v3:
    int zzb -> k
    java.util.Map zzf -> o
    byte[] zzd -> m
    java.lang.String zze -> n
    java.lang.Throwable zzc -> l
    com.google.android.gms.measurement.internal.zzep zza -> j
com.google.android.gms.measurement.internal.zzer -> com.google.android.gms.measurement.internal.w3:
    com.google.android.gms.measurement.internal.zzep zzd -> l
    com.google.android.gms.measurement.internal.zzes zza -> o
    byte[] zzc -> k
    java.util.Map zzf -> n
    java.lang.String zze -> m
    java.net.URL zzb -> j
com.google.android.gms.measurement.internal.zzes -> com.google.android.gms.measurement.internal.x3:
    javax.net.ssl.SSLSocketFactory zza -> d
    boolean zzaA() -> k
    boolean zzb() -> m
    java.net.HttpURLConnection zzc(java.net.URL) -> n
com.google.android.gms.measurement.internal.zzet -> com.google.android.gms.measurement.internal.y3:
    boolean zza -> j
    com.google.android.gms.measurement.internal.zzeu zzb -> k
com.google.android.gms.measurement.internal.zzeu -> com.google.android.gms.measurement.internal.z3:
    boolean zzc -> b
    boolean zzd -> c
    com.google.android.gms.measurement.internal.zzkn zzb -> a
    void zza() -> a
    void zzb() -> b
    com.google.android.gms.measurement.internal.zzkn zzc(com.google.android.gms.measurement.internal.zzeu) -> c
com.google.android.gms.measurement.internal.zzev -> com.google.android.gms.measurement.internal.a4:
com.google.android.gms.measurement.internal.zzew -> com.google.android.gms.measurement.internal.b4:
    com.google.android.gms.measurement.internal.zzfb zza -> e
    java.lang.String zzb -> a
    boolean zzc -> b
    boolean zzd -> c
    boolean zze -> d
    boolean zza() -> a
    void zzb(boolean) -> b
com.google.android.gms.measurement.internal.zzex -> com.google.android.gms.measurement.internal.c4:
    android.os.Bundle zzd -> c
    android.os.Bundle zzc -> b
    com.google.android.gms.measurement.internal.zzfb zza -> d
    java.lang.String zzb -> a
    android.os.Bundle zza() -> a
    void zzb(android.os.Bundle) -> b
com.google.android.gms.measurement.internal.zzey -> com.google.android.gms.measurement.internal.d4:
    long zzc -> b
    com.google.android.gms.measurement.internal.zzfb zza -> e
    java.lang.String zzb -> a
    long zze -> d
    boolean zzd -> c
    long zza() -> a
    void zzb(long) -> b
com.google.android.gms.measurement.internal.zzez -> com.google.android.gms.measurement.internal.e4:
    com.google.android.gms.measurement.internal.zzfb zzb -> e
    java.lang.String zza -> a
    long zze -> d
    java.lang.String zzd -> c
    java.lang.String zzc -> b
    void zza(java.lang.String,long) -> a
    android.util.Pair zzb() -> b
    void zzc() -> c
    long zzd() -> d
com.google.android.gms.measurement.internal.zzf -> com.google.android.gms.measurement.internal.f4:
    boolean zza -> b
    boolean zza() -> i
    void zzb() -> j
    void zzc() -> k
    void zzd() -> l
    boolean zze() -> m
    void zzf() -> n
com.google.android.gms.measurement.internal.zzfa -> com.google.android.gms.measurement.internal.g4:
    com.google.android.gms.measurement.internal.zzfb zza -> d
    java.lang.String zzb -> a
    java.lang.String zzd -> c
    boolean zzc -> b
    java.lang.String zza() -> a
    void zzb(java.lang.String) -> b