build/app/outputs/mapping/release/usage.txt
com.bhaskar.painmate.R$drawable
com.bhaskar.painmate.R$layout
com.bhaskar.painmate.R$attr
com.bhaskar.painmate.R
com.bhaskar.painmate.R$dimen
com.bhaskar.painmate.R$style
com.bhaskar.painmate.R$string
com.bhaskar.painmate.R$id
com.bhaskar.painmate.BuildConfig
com.bhaskar.painmate.R$integer
com.bhaskar.painmate.R$styleable
com.bhaskar.painmate.R$mipmap
com.bhaskar.painmate.R$color
...
com.google.android.gms.common.api.internal.zai$zaa
androidx.core.app.TaskStackBuilder$SupportParentable
androidx.viewpager.widget.ViewPager
kotlin.internal.jdk7.JDK7PlatformImplementations
com.google.firebase.installations.local.PersistedInstallation:
    public void clearForTesting()
    private static final java.lang.String SETTINGS_FILE_NAME_PREFIX
    private static final java.lang.String FIREBASE_INSTALLATION_ID_KEY
    private static final java.lang.String AUTH_TOKEN_KEY
    private static final java.lang.String REFRESH_TOKEN_KEY
    private static final java.lang.String TOKEN_CREATION_TIME_IN_SECONDS_KEY
    private static final java.lang.String EXPIRES_IN_SECONDS_KEY
    private static final java.lang.String PERSISTED_STATUS_KEY
    private static final java.lang.String FIS_ERROR_KEY
io.flutter.embedding.engine.renderer.FlutterRenderer$ViewportMetrics:
    public static final int unsetValue
androidx.core.app.FrameMetricsAggregator
io.flutter.embedding.engine.FlutterEngineConnectionRegistry$FlutterEngineContentProviderPluginBinding:
    void <init>(android.content.ContentProvider)
    public android.content.ContentProvider getContentProvider()
    private final android.content.ContentProvider contentProvider
androidx.core.location.LocationManagerCompat$2
kotlin.coroutines.experimental.CoroutinesKt
androidx.fragment.R$drawable
com.google.android.gms.common.server.zaa
androidx.core.graphics.PaintCompat
androidx.core.view.WindowInsetsAnimationCompat$Impl30
androidx.viewpager.R$layout
com.google.firebase.analytics.connector.internal.zzg
androidx.legacy.coreutils.R
com.google.android.gms.common.images.ImageManager$zad
kotlin.Result$Companion
com.google.android.gms.common.util.GmsVersion
com.google.firebase.database.core.Constants:
    public void <init>()
    public static final java.lang.String WIRE_PROTOCOL_VERSION
kotlin.internal.PlatformImplementations
kotlin.text.Charsets
kotlin.jvm.internal.BooleanSpreadBuilder
kotlin.system.ProcessKt
com.google.android.gms.auth.api.signin.GoogleSignInOptions$Builder
androidx.customview.widget.ExploreByTouchHelper$2
com.google.android.gms.common.server.response.FastParser
kotlin.jvm.internal.MutablePropertyReference
kotlin.reflect.KProperty2$Getter
com.google.firebase.database.connection.WebsocketConnection$WSClientTubesock:
    public void onLogMessage(java.lang.String)
com.google.firebase.database.R$id
androidx.viewpager.R$string
androidx.core.widget.TextViewOnReceiveContentListener$Api16Impl
androidx.core.app.ActivityRecreator
com.google.firebase.installations.R$attr
com.google.firebase.database.core.view.Event:
    public abstract com.google.firebase.database.core.Path getPath()
kotlin.internal.PlatformDependent
com.google.firebase.database.core.ServerValues:
    public void <init>()
    public static final java.lang.String NAME_SUBKEY_SERVERVALUE
    public static final java.lang.String NAME_OP_TIMESTAMP
    public static final java.lang.String NAME_OP_INCREMENT
androidx.fragment.app.FragmentPagerAdapter
androidx.annotation.IntegerRes
kotlin.ranges.LongProgression$Companion
com.google.firebase.database.core.utilities.tuple.PathAndId
androidx.core.R
androidx.core.view.accessibility.AccessibilityNodeInfoCompat$CollectionItemInfoCompat
kotlin.jvm.functions.Function1
kotlin.reflect.KClass$DefaultImpls
kotlin.jvm.internal.FloatCompanionObject